[  0%] Built target std_msgs_generate_messages_cpp
[  4%] Built target time_api_sleep
[  4%] Built target std_msgs_generate_messages_py
[  4%] Built target std_msgs_generate_messages_lisp
[  4%] Built target std_msgs_generate_messages_nodejs
[  4%] Built target _roscpp_tutorials_generate_messages_check_deps_TwoInts
[  4%] Built target std_msgs_generate_messages_eus
[  6%] Built target roscpp_tutorials_generate_messages_cpp
[ 10%] Built target roscpp_tutorials_generate_messages_py
[ 12%] Built target roscpp_tutorials_generate_messages_lisp
[ 14%] Built target roscpp_tutorials_generate_messages_nodejs
[ 18%] Built target roscpp_tutorials_generate_messages_eus
[ 18%] Built target roscpp_tutorials_gencpp
[ 18%] Built target roscpp_tutorials_generate_messages
[ 22%] Built target cached_parameters
[ 26%] Built target timers
[ 30%] Built target custom_callback_processing
[ 34%] Built target node_handle_namespaces
[ 38%] Built target listener_class
[ 42%] Built target listener_async_spin
[ 46%] Built target listener_threaded_spin
[ 51%] Built target listener_multiple
[ 55%] Built target listener_with_userdata
[ 59%] Built target anonymous_listener
[ 63%] Built target add_two_ints_server_class
[ 67%] Built target add_two_ints_client
[ 71%] Built target babbler
[ 75%] Built target parameters
[ 79%] Built target listener_with_tracked_object
[ 83%] Built target add_two_ints_server
[ 87%] Built target listener_unreliable
[ 91%] Built target listener
[ 95%] Built target notify_connect
[100%] Built target talker
