[  0%] Built target std_msgs_generate_messages_nodejs
[  0%] Built target std_msgs_generate_messages_cpp
[  0%] Built target std_msgs_generate_messages_lisp
[  0%] Built target std_msgs_generate_messages_py
[  4%] Built target time_api_sleep
[  4%] Built target std_msgs_generate_messages_eus
[  4%] Built target _roscpp_tutorials_generate_messages_check_deps_TwoInts
[  6%] Built target roscpp_tutorials_generate_messages_nodejs
[  8%] Built target roscpp_tutorials_generate_messages_cpp
[ 12%] Built target roscpp_tutorials_generate_messages_py
[ 16%] Built target roscpp_tutorials_generate_messages_eus
[ 18%] Built target roscpp_tutorials_generate_messages_lisp
[ 18%] Built target roscpp_tutorials_gencpp
[ 18%] Built target roscpp_tutorials_generate_messages
[ 22%] Built target listener_with_tracked_object
[ 26%] Built target listener_unreliable
[ 30%] Built target listener
[ 34%] Built target talker
[ 38%] Built target notify_connect
[ 42%] Built target cached_parameters
[ 46%] Built target timers
[ 51%] Built target custom_callback_processing
[ 55%] Built target node_handle_namespaces
[ 59%] Built target listener_async_spin
[ 63%] Built target listener_class
[ 67%] Built target listener_threaded_spin
[ 71%] Built target listener_multiple
[ 75%] Built target anonymous_listener
[ 79%] Built target listener_with_userdata
[ 83%] Built target add_two_ints_server_class
[ 87%] Built target add_two_ints_client
[ 91%] Built target babbler
[ 95%] Built target add_two_ints_server
[100%] Built target parameters
