[  0%] Built target _turtlesim_generate_messages_check_deps_HasTurtle
[  0%] Built target _turtlesim_generate_messages_check_deps_GetFrameSize
[  0%] Built target _turtlesim_generate_messages_check_deps_GetCameraImage
[  0%] Built target _turtlesim_generate_messages_check_deps_Spawn
[  0%] Built target _turtlesim_generate_messages_check_deps_Mrow
[  0%] Built target _turtlesim_generate_messages_check_deps_TeleportAbsolute
[  0%] Built target _turtlesim_generate_messages_check_deps_Kill
[  0%] Built target sensor_msgs_generate_messages_cpp
[  0%] Built target _turtlesim_generate_messages_check_deps_Cell
[  0%] Built target _turtlesim_generate_messages_check_deps_GetPose
[  0%] Built target std_msgs_generate_messages_cpp
[  0%] Built target _turtlesim_generate_messages_check_deps_GetTurtles
[  0%] Built target geometry_msgs_generate_messages_cpp
[  0%] Built target _turtlesim_generate_messages_check_deps_TeleportRelative
[  0%] Built target _turtlesim_generate_messages_check_deps_Pose
[  0%] Built target std_srvs_generate_messages_cpp
[  0%] Built target _turtlesim_generate_messages_check_deps_SetPen
[  0%] Built target sensor_msgs_generate_messages_lisp
[  0%] Built target _turtlesim_generate_messages_check_deps_Color
[  0%] Built target _turtlesim_generate_messages_check_deps_GetSonar
[  0%] Built target std_msgs_generate_messages_lisp
[  0%] Built target std_srvs_generate_messages_lisp
[  0%] Built target std_msgs_generate_messages_py
[  0%] Built target geometry_msgs_generate_messages_lisp
[  0%] Built target geometry_msgs_generate_messages_py
[  0%] Built target sensor_msgs_generate_messages_py
[  0%] Built target std_srvs_generate_messages_eus
[  0%] Built target sensor_msgs_generate_messages_eus
[  0%] Built target std_srvs_generate_messages_py
[  0%] Built target std_msgs_generate_messages_eus
[  0%] Built target sensor_msgs_generate_messages_nodejs
[  0%] Built target geometry_msgs_generate_messages_eus
[  0%] Built target std_msgs_generate_messages_nodejs
[  0%] Built target geometry_msgs_generate_messages_nodejs
[  0%] Built target std_srvs_generate_messages_nodejs
[ 16%] Built target turtlesim_generate_messages_cpp
[ 34%] Built target turtlesim_generate_messages_eus
[ 67%] Built target turtlesim_generate_messages_lisp
[ 70%] Built target turtlesim_generate_messages_py
[ 87%] Built target turtlesim_generate_messages_nodejs
[ 87%] Built target turtlesim_gencpp
[ 87%] Built target turtlesim_generate_messages
[ 89%] Built target mimic
[ 91%] Built target draw_square
[ 93%] Built target turtle_teleop_key
[100%] Built target turtlesim_node
