Linked: (/home/maciek/my_catkin_ws/devel/.private/turtlesim/lib/pkgconfig/turtlesim.pc, /home/maciek/my_catkin_ws/devel/lib/pkgconfig/turtlesim.pc)
Linked: (/home/maciek/my_catkin_ws/devel/.private/turtlesim/lib/python2.7/dist-packages/turtlesim/__init__.py, /home/maciek/my_catkin_ws/devel/lib/python2.7/dist-packages/turtlesim/__init__.py)
Linked: (/home/maciek/my_catkin_ws/devel/.private/turtlesim/lib/python2.7/dist-packages/turtlesim/msg/__init__.py, /home/maciek/my_catkin_ws/devel/lib/python2.7/dist-packages/turtlesim/msg/__init__.py)
Linked: (/home/maciek/my_catkin_ws/devel/.private/turtlesim/lib/python2.7/dist-packages/turtlesim/msg/_Pose.py, /home/maciek/my_catkin_ws/devel/lib/python2.7/dist-packages/turtlesim/msg/_Pose.py)
Linked: (/home/maciek/my_catkin_ws/devel/.private/turtlesim/lib/python2.7/dist-packages/turtlesim/msg/_Cell.py, /home/maciek/my_catkin_ws/devel/lib/python2.7/dist-packages/turtlesim/msg/_Cell.py)
Linked: (/home/maciek/my_catkin_ws/devel/.private/turtlesim/lib/python2.7/dist-packages/turtlesim/msg/_Color.py, /home/maciek/my_catkin_ws/devel/lib/python2.7/dist-packages/turtlesim/msg/_Color.py)
Linked: (/home/maciek/my_catkin_ws/devel/.private/turtlesim/lib/python2.7/dist-packages/turtlesim/msg/_Mrow.py, /home/maciek/my_catkin_ws/devel/lib/python2.7/dist-packages/turtlesim/msg/_Mrow.py)
Linked: (/home/maciek/my_catkin_ws/devel/.private/turtlesim/lib/python2.7/dist-packages/turtlesim/srv/__init__.py, /home/maciek/my_catkin_ws/devel/lib/python2.7/dist-packages/turtlesim/srv/__init__.py)
Linked: (/home/maciek/my_catkin_ws/devel/.private/turtlesim/lib/python2.7/dist-packages/turtlesim/srv/_SetPen.py, /home/maciek/my_catkin_ws/devel/lib/python2.7/dist-packages/turtlesim/srv/_SetPen.py)
Linked: (/home/maciek/my_catkin_ws/devel/.private/turtlesim/lib/python2.7/dist-packages/turtlesim/srv/_TeleportRelative.py, /home/maciek/my_catkin_ws/devel/lib/python2.7/dist-packages/turtlesim/srv/_TeleportRelative.py)
Linked: (/home/maciek/my_catkin_ws/devel/.private/turtlesim/lib/python2.7/dist-packages/turtlesim/srv/_Spawn.py, /home/maciek/my_catkin_ws/devel/lib/python2.7/dist-packages/turtlesim/srv/_Spawn.py)
Linked: (/home/maciek/my_catkin_ws/devel/.private/turtlesim/lib/python2.7/dist-packages/turtlesim/srv/_GetSonar.py, /home/maciek/my_catkin_ws/devel/lib/python2.7/dist-packages/turtlesim/srv/_GetSonar.py)
Linked: (/home/maciek/my_catkin_ws/devel/.private/turtlesim/lib/python2.7/dist-packages/turtlesim/srv/_GetFrameSize.py, /home/maciek/my_catkin_ws/devel/lib/python2.7/dist-packages/turtlesim/srv/_GetFrameSize.py)
Linked: (/home/maciek/my_catkin_ws/devel/.private/turtlesim/lib/python2.7/dist-packages/turtlesim/srv/_GetCameraImage.py, /home/maciek/my_catkin_ws/devel/lib/python2.7/dist-packages/turtlesim/srv/_GetCameraImage.py)
Linked: (/home/maciek/my_catkin_ws/devel/.private/turtlesim/lib/python2.7/dist-packages/turtlesim/srv/_TeleportAbsolute.py, /home/maciek/my_catkin_ws/devel/lib/python2.7/dist-packages/turtlesim/srv/_TeleportAbsolute.py)
Linked: (/home/maciek/my_catkin_ws/devel/.private/turtlesim/lib/python2.7/dist-packages/turtlesim/srv/_GetTurtles.py, /home/maciek/my_catkin_ws/devel/lib/python2.7/dist-packages/turtlesim/srv/_GetTurtles.py)
Linked: (/home/maciek/my_catkin_ws/devel/.private/turtlesim/lib/python2.7/dist-packages/turtlesim/srv/_HasTurtle.py, /home/maciek/my_catkin_ws/devel/lib/python2.7/dist-packages/turtlesim/srv/_HasTurtle.py)
Linked: (/home/maciek/my_catkin_ws/devel/.private/turtlesim/lib/python2.7/dist-packages/turtlesim/srv/_GetPose.py, /home/maciek/my_catkin_ws/devel/lib/python2.7/dist-packages/turtlesim/srv/_GetPose.py)
Linked: (/home/maciek/my_catkin_ws/devel/.private/turtlesim/lib/python2.7/dist-packages/turtlesim/srv/_Kill.py, /home/maciek/my_catkin_ws/devel/lib/python2.7/dist-packages/turtlesim/srv/_Kill.py)
Linked: (/home/maciek/my_catkin_ws/devel/.private/turtlesim/lib/python2.7/dist-packages/TurtlesimSIU/__init__.py, /home/maciek/my_catkin_ws/devel/lib/python2.7/dist-packages/TurtlesimSIU/__init__.py)
Linked: (/home/maciek/my_catkin_ws/devel/.private/turtlesim/lib/turtlesim/turtle_teleop_key, /home/maciek/my_catkin_ws/devel/lib/turtlesim/turtle_teleop_key)
Linked: (/home/maciek/my_catkin_ws/devel/.private/turtlesim/lib/turtlesim/mimic, /home/maciek/my_catkin_ws/devel/lib/turtlesim/mimic)
Linked: (/home/maciek/my_catkin_ws/devel/.private/turtlesim/lib/turtlesim/draw_square, /home/maciek/my_catkin_ws/devel/lib/turtlesim/draw_square)
Linked: (/home/maciek/my_catkin_ws/devel/.private/turtlesim/lib/turtlesim/turtlesim_node, /home/maciek/my_catkin_ws/devel/lib/turtlesim/turtlesim_node)
Linked: (/home/maciek/my_catkin_ws/devel/.private/turtlesim/bin/cmake.lock, /home/maciek/my_catkin_ws/devel/bin/cmake.lock)
Linked: (/home/maciek/my_catkin_ws/devel/.private/turtlesim/bin/siu_example.py, /home/maciek/my_catkin_ws/devel/bin/siu_example.py)
Linked: (/home/maciek/my_catkin_ws/devel/.private/turtlesim/bin/sonar_emulator.py, /home/maciek/my_catkin_ws/devel/bin/sonar_emulator.py)
Linked: (/home/maciek/my_catkin_ws/devel/.private/turtlesim/share/turtlesim/cmake/turtlesimConfig-version.cmake, /home/maciek/my_catkin_ws/devel/share/turtlesim/cmake/turtlesimConfig-version.cmake)
Linked: (/home/maciek/my_catkin_ws/devel/.private/turtlesim/share/turtlesim/cmake/turtlesim-msg-paths.cmake, /home/maciek/my_catkin_ws/devel/share/turtlesim/cmake/turtlesim-msg-paths.cmake)
Linked: (/home/maciek/my_catkin_ws/devel/.private/turtlesim/share/turtlesim/cmake/turtlesimConfig.cmake, /home/maciek/my_catkin_ws/devel/share/turtlesim/cmake/turtlesimConfig.cmake)
Linked: (/home/maciek/my_catkin_ws/devel/.private/turtlesim/share/turtlesim/cmake/turtlesim-msg-extras.cmake, /home/maciek/my_catkin_ws/devel/share/turtlesim/cmake/turtlesim-msg-extras.cmake)
Linked: (/home/maciek/my_catkin_ws/devel/.private/turtlesim/share/common-lisp/ros/turtlesim/msg/_package_Pose.lisp, /home/maciek/my_catkin_ws/devel/share/common-lisp/ros/turtlesim/msg/_package_Pose.lisp)
Linked: (/home/maciek/my_catkin_ws/devel/.private/turtlesim/share/common-lisp/ros/turtlesim/msg/_package_Cell.lisp, /home/maciek/my_catkin_ws/devel/share/common-lisp/ros/turtlesim/msg/_package_Cell.lisp)
Linked: (/home/maciek/my_catkin_ws/devel/.private/turtlesim/share/common-lisp/ros/turtlesim/msg/_package_Mrow.lisp, /home/maciek/my_catkin_ws/devel/share/common-lisp/ros/turtlesim/msg/_package_Mrow.lisp)
Linked: (/home/maciek/my_catkin_ws/devel/.private/turtlesim/share/common-lisp/ros/turtlesim/msg/turtlesim-msg.asd, /home/maciek/my_catkin_ws/devel/share/common-lisp/ros/turtlesim/msg/turtlesim-msg.asd)
Linked: (/home/maciek/my_catkin_ws/devel/.private/turtlesim/share/common-lisp/ros/turtlesim/msg/Mrow.lisp, /home/maciek/my_catkin_ws/devel/share/common-lisp/ros/turtlesim/msg/Mrow.lisp)
Linked: (/home/maciek/my_catkin_ws/devel/.private/turtlesim/share/common-lisp/ros/turtlesim/msg/Pose.lisp, /home/maciek/my_catkin_ws/devel/share/common-lisp/ros/turtlesim/msg/Pose.lisp)
Linked: (/home/maciek/my_catkin_ws/devel/.private/turtlesim/share/common-lisp/ros/turtlesim/msg/Cell.lisp, /home/maciek/my_catkin_ws/devel/share/common-lisp/ros/turtlesim/msg/Cell.lisp)
Linked: (/home/maciek/my_catkin_ws/devel/.private/turtlesim/share/common-lisp/ros/turtlesim/msg/_package_Color.lisp, /home/maciek/my_catkin_ws/devel/share/common-lisp/ros/turtlesim/msg/_package_Color.lisp)
Linked: (/home/maciek/my_catkin_ws/devel/.private/turtlesim/share/common-lisp/ros/turtlesim/msg/Color.lisp, /home/maciek/my_catkin_ws/devel/share/common-lisp/ros/turtlesim/msg/Color.lisp)
Linked: (/home/maciek/my_catkin_ws/devel/.private/turtlesim/share/common-lisp/ros/turtlesim/msg/_package.lisp, /home/maciek/my_catkin_ws/devel/share/common-lisp/ros/turtlesim/msg/_package.lisp)
Linked: (/home/maciek/my_catkin_ws/devel/.private/turtlesim/share/common-lisp/ros/turtlesim/srv/_package_GetPose.lisp, /home/maciek/my_catkin_ws/devel/share/common-lisp/ros/turtlesim/srv/_package_GetPose.lisp)
Linked: (/home/maciek/my_catkin_ws/devel/.private/turtlesim/share/common-lisp/ros/turtlesim/srv/_package_Kill.lisp, /home/maciek/my_catkin_ws/devel/share/common-lisp/ros/turtlesim/srv/_package_Kill.lisp)
Linked: (/home/maciek/my_catkin_ws/devel/.private/turtlesim/share/common-lisp/ros/turtlesim/srv/turtlesim-srv.asd, /home/maciek/my_catkin_ws/devel/share/common-lisp/ros/turtlesim/srv/turtlesim-srv.asd)
Linked: (/home/maciek/my_catkin_ws/devel/.private/turtlesim/share/common-lisp/ros/turtlesim/srv/Kill.lisp, /home/maciek/my_catkin_ws/devel/share/common-lisp/ros/turtlesim/srv/Kill.lisp)
Linked: (/home/maciek/my_catkin_ws/devel/.private/turtlesim/share/common-lisp/ros/turtlesim/srv/_package_GetCameraImage.lisp, /home/maciek/my_catkin_ws/devel/share/common-lisp/ros/turtlesim/srv/_package_GetCameraImage.lisp)
Linked: (/home/maciek/my_catkin_ws/devel/.private/turtlesim/share/common-lisp/ros/turtlesim/srv/GetFrameSize.lisp, /home/maciek/my_catkin_ws/devel/share/common-lisp/ros/turtlesim/srv/GetFrameSize.lisp)
Linked: (/home/maciek/my_catkin_ws/devel/.private/turtlesim/share/common-lisp/ros/turtlesim/srv/_package_GetFrameSize.lisp, /home/maciek/my_catkin_ws/devel/share/common-lisp/ros/turtlesim/srv/_package_GetFrameSize.lisp)
Linked: (/home/maciek/my_catkin_ws/devel/.private/turtlesim/share/common-lisp/ros/turtlesim/srv/_package_TeleportAbsolute.lisp, /home/maciek/my_catkin_ws/devel/share/common-lisp/ros/turtlesim/srv/_package_TeleportAbsolute.lisp)
Linked: (/home/maciek/my_catkin_ws/devel/.private/turtlesim/share/common-lisp/ros/turtlesim/srv/Spawn.lisp, /home/maciek/my_catkin_ws/devel/share/common-lisp/ros/turtlesim/srv/Spawn.lisp)
Linked: (/home/maciek/my_catkin_ws/devel/.private/turtlesim/share/common-lisp/ros/turtlesim/srv/HasTurtle.lisp, /home/maciek/my_catkin_ws/devel/share/common-lisp/ros/turtlesim/srv/HasTurtle.lisp)
Linked: (/home/maciek/my_catkin_ws/devel/.private/turtlesim/share/common-lisp/ros/turtlesim/srv/_package_GetTurtles.lisp, /home/maciek/my_catkin_ws/devel/share/common-lisp/ros/turtlesim/srv/_package_GetTurtles.lisp)
Linked: (/home/maciek/my_catkin_ws/devel/.private/turtlesim/share/common-lisp/ros/turtlesim/srv/GetCameraImage.lisp, /home/maciek/my_catkin_ws/devel/share/common-lisp/ros/turtlesim/srv/GetCameraImage.lisp)
Linked: (/home/maciek/my_catkin_ws/devel/.private/turtlesim/share/common-lisp/ros/turtlesim/srv/GetPose.lisp, /home/maciek/my_catkin_ws/devel/share/common-lisp/ros/turtlesim/srv/GetPose.lisp)
Linked: (/home/maciek/my_catkin_ws/devel/.private/turtlesim/share/common-lisp/ros/turtlesim/srv/_package_SetPen.lisp, /home/maciek/my_catkin_ws/devel/share/common-lisp/ros/turtlesim/srv/_package_SetPen.lisp)
Linked: (/home/maciek/my_catkin_ws/devel/.private/turtlesim/share/common-lisp/ros/turtlesim/srv/GetTurtles.lisp, /home/maciek/my_catkin_ws/devel/share/common-lisp/ros/turtlesim/srv/GetTurtles.lisp)
Linked: (/home/maciek/my_catkin_ws/devel/.private/turtlesim/share/common-lisp/ros/turtlesim/srv/TeleportRelative.lisp, /home/maciek/my_catkin_ws/devel/share/common-lisp/ros/turtlesim/srv/TeleportRelative.lisp)
Linked: (/home/maciek/my_catkin_ws/devel/.private/turtlesim/share/common-lisp/ros/turtlesim/srv/_package_Spawn.lisp, /home/maciek/my_catkin_ws/devel/share/common-lisp/ros/turtlesim/srv/_package_Spawn.lisp)
Linked: (/home/maciek/my_catkin_ws/devel/.private/turtlesim/share/common-lisp/ros/turtlesim/srv/SetPen.lisp, /home/maciek/my_catkin_ws/devel/share/common-lisp/ros/turtlesim/srv/SetPen.lisp)
Linked: (/home/maciek/my_catkin_ws/devel/.private/turtlesim/share/common-lisp/ros/turtlesim/srv/GetSonar.lisp, /home/maciek/my_catkin_ws/devel/share/common-lisp/ros/turtlesim/srv/GetSonar.lisp)
Linked: (/home/maciek/my_catkin_ws/devel/.private/turtlesim/share/common-lisp/ros/turtlesim/srv/TeleportAbsolute.lisp, /home/maciek/my_catkin_ws/devel/share/common-lisp/ros/turtlesim/srv/TeleportAbsolute.lisp)
Linked: (/home/maciek/my_catkin_ws/devel/.private/turtlesim/share/common-lisp/ros/turtlesim/srv/_package_GetSonar.lisp, /home/maciek/my_catkin_ws/devel/share/common-lisp/ros/turtlesim/srv/_package_GetSonar.lisp)
Linked: (/home/maciek/my_catkin_ws/devel/.private/turtlesim/share/common-lisp/ros/turtlesim/srv/_package.lisp, /home/maciek/my_catkin_ws/devel/share/common-lisp/ros/turtlesim/srv/_package.lisp)
Linked: (/home/maciek/my_catkin_ws/devel/.private/turtlesim/share/common-lisp/ros/turtlesim/srv/_package_TeleportRelative.lisp, /home/maciek/my_catkin_ws/devel/share/common-lisp/ros/turtlesim/srv/_package_TeleportRelative.lisp)
Linked: (/home/maciek/my_catkin_ws/devel/.private/turtlesim/share/common-lisp/ros/turtlesim/srv/_package_HasTurtle.lisp, /home/maciek/my_catkin_ws/devel/share/common-lisp/ros/turtlesim/srv/_package_HasTurtle.lisp)
Linked: (/home/maciek/my_catkin_ws/devel/.private/turtlesim/share/roseus/ros/turtlesim/manifest.l, /home/maciek/my_catkin_ws/devel/share/roseus/ros/turtlesim/manifest.l)
Linked: (/home/maciek/my_catkin_ws/devel/.private/turtlesim/share/roseus/ros/turtlesim/msg/Pose.l, /home/maciek/my_catkin_ws/devel/share/roseus/ros/turtlesim/msg/Pose.l)
Linked: (/home/maciek/my_catkin_ws/devel/.private/turtlesim/share/roseus/ros/turtlesim/msg/Color.l, /home/maciek/my_catkin_ws/devel/share/roseus/ros/turtlesim/msg/Color.l)
Linked: (/home/maciek/my_catkin_ws/devel/.private/turtlesim/share/roseus/ros/turtlesim/msg/Mrow.l, /home/maciek/my_catkin_ws/devel/share/roseus/ros/turtlesim/msg/Mrow.l)
Linked: (/home/maciek/my_catkin_ws/devel/.private/turtlesim/share/roseus/ros/turtlesim/msg/Cell.l, /home/maciek/my_catkin_ws/devel/share/roseus/ros/turtlesim/msg/Cell.l)
Linked: (/home/maciek/my_catkin_ws/devel/.private/turtlesim/share/roseus/ros/turtlesim/srv/TeleportRelative.l, /home/maciek/my_catkin_ws/devel/share/roseus/ros/turtlesim/srv/TeleportRelative.l)
Linked: (/home/maciek/my_catkin_ws/devel/.private/turtlesim/share/roseus/ros/turtlesim/srv/TeleportAbsolute.l, /home/maciek/my_catkin_ws/devel/share/roseus/ros/turtlesim/srv/TeleportAbsolute.l)
Linked: (/home/maciek/my_catkin_ws/devel/.private/turtlesim/share/roseus/ros/turtlesim/srv/HasTurtle.l, /home/maciek/my_catkin_ws/devel/share/roseus/ros/turtlesim/srv/HasTurtle.l)
Linked: (/home/maciek/my_catkin_ws/devel/.private/turtlesim/share/roseus/ros/turtlesim/srv/Spawn.l, /home/maciek/my_catkin_ws/devel/share/roseus/ros/turtlesim/srv/Spawn.l)
Linked: (/home/maciek/my_catkin_ws/devel/.private/turtlesim/share/roseus/ros/turtlesim/srv/GetPose.l, /home/maciek/my_catkin_ws/devel/share/roseus/ros/turtlesim/srv/GetPose.l)
Linked: (/home/maciek/my_catkin_ws/devel/.private/turtlesim/share/roseus/ros/turtlesim/srv/SetPen.l, /home/maciek/my_catkin_ws/devel/share/roseus/ros/turtlesim/srv/SetPen.l)
Linked: (/home/maciek/my_catkin_ws/devel/.private/turtlesim/share/roseus/ros/turtlesim/srv/Kill.l, /home/maciek/my_catkin_ws/devel/share/roseus/ros/turtlesim/srv/Kill.l)
Linked: (/home/maciek/my_catkin_ws/devel/.private/turtlesim/share/roseus/ros/turtlesim/srv/GetSonar.l, /home/maciek/my_catkin_ws/devel/share/roseus/ros/turtlesim/srv/GetSonar.l)
Linked: (/home/maciek/my_catkin_ws/devel/.private/turtlesim/share/roseus/ros/turtlesim/srv/GetFrameSize.l, /home/maciek/my_catkin_ws/devel/share/roseus/ros/turtlesim/srv/GetFrameSize.l)
Linked: (/home/maciek/my_catkin_ws/devel/.private/turtlesim/share/roseus/ros/turtlesim/srv/GetCameraImage.l, /home/maciek/my_catkin_ws/devel/share/roseus/ros/turtlesim/srv/GetCameraImage.l)
Linked: (/home/maciek/my_catkin_ws/devel/.private/turtlesim/share/roseus/ros/turtlesim/srv/GetTurtles.l, /home/maciek/my_catkin_ws/devel/share/roseus/ros/turtlesim/srv/GetTurtles.l)
Linked: (/home/maciek/my_catkin_ws/devel/.private/turtlesim/share/gennodejs/ros/turtlesim/_index.js, /home/maciek/my_catkin_ws/devel/share/gennodejs/ros/turtlesim/_index.js)
Linked: (/home/maciek/my_catkin_ws/devel/.private/turtlesim/share/gennodejs/ros/turtlesim/msg/Cell.js, /home/maciek/my_catkin_ws/devel/share/gennodejs/ros/turtlesim/msg/Cell.js)
Linked: (/home/maciek/my_catkin_ws/devel/.private/turtlesim/share/gennodejs/ros/turtlesim/msg/Mrow.js, /home/maciek/my_catkin_ws/devel/share/gennodejs/ros/turtlesim/msg/Mrow.js)
Linked: (/home/maciek/my_catkin_ws/devel/.private/turtlesim/share/gennodejs/ros/turtlesim/msg/Color.js, /home/maciek/my_catkin_ws/devel/share/gennodejs/ros/turtlesim/msg/Color.js)
Linked: (/home/maciek/my_catkin_ws/devel/.private/turtlesim/share/gennodejs/ros/turtlesim/msg/Pose.js, /home/maciek/my_catkin_ws/devel/share/gennodejs/ros/turtlesim/msg/Pose.js)
Linked: (/home/maciek/my_catkin_ws/devel/.private/turtlesim/share/gennodejs/ros/turtlesim/msg/_index.js, /home/maciek/my_catkin_ws/devel/share/gennodejs/ros/turtlesim/msg/_index.js)
Linked: (/home/maciek/my_catkin_ws/devel/.private/turtlesim/share/gennodejs/ros/turtlesim/srv/GetPose.js, /home/maciek/my_catkin_ws/devel/share/gennodejs/ros/turtlesim/srv/GetPose.js)
Linked: (/home/maciek/my_catkin_ws/devel/.private/turtlesim/share/gennodejs/ros/turtlesim/srv/GetSonar.js, /home/maciek/my_catkin_ws/devel/share/gennodejs/ros/turtlesim/srv/GetSonar.js)
Linked: (/home/maciek/my_catkin_ws/devel/.private/turtlesim/share/gennodejs/ros/turtlesim/srv/TeleportAbsolute.js, /home/maciek/my_catkin_ws/devel/share/gennodejs/ros/turtlesim/srv/TeleportAbsolute.js)
Linked: (/home/maciek/my_catkin_ws/devel/.private/turtlesim/share/gennodejs/ros/turtlesim/srv/GetTurtles.js, /home/maciek/my_catkin_ws/devel/share/gennodejs/ros/turtlesim/srv/GetTurtles.js)
Linked: (/home/maciek/my_catkin_ws/devel/.private/turtlesim/share/gennodejs/ros/turtlesim/srv/SetPen.js, /home/maciek/my_catkin_ws/devel/share/gennodejs/ros/turtlesim/srv/SetPen.js)
Linked: (/home/maciek/my_catkin_ws/devel/.private/turtlesim/share/gennodejs/ros/turtlesim/srv/TeleportRelative.js, /home/maciek/my_catkin_ws/devel/share/gennodejs/ros/turtlesim/srv/TeleportRelative.js)
Linked: (/home/maciek/my_catkin_ws/devel/.private/turtlesim/share/gennodejs/ros/turtlesim/srv/Spawn.js, /home/maciek/my_catkin_ws/devel/share/gennodejs/ros/turtlesim/srv/Spawn.js)
Linked: (/home/maciek/my_catkin_ws/devel/.private/turtlesim/share/gennodejs/ros/turtlesim/srv/HasTurtle.js, /home/maciek/my_catkin_ws/devel/share/gennodejs/ros/turtlesim/srv/HasTurtle.js)
Linked: (/home/maciek/my_catkin_ws/devel/.private/turtlesim/share/gennodejs/ros/turtlesim/srv/Kill.js, /home/maciek/my_catkin_ws/devel/share/gennodejs/ros/turtlesim/srv/Kill.js)
Linked: (/home/maciek/my_catkin_ws/devel/.private/turtlesim/share/gennodejs/ros/turtlesim/srv/_index.js, /home/maciek/my_catkin_ws/devel/share/gennodejs/ros/turtlesim/srv/_index.js)
Linked: (/home/maciek/my_catkin_ws/devel/.private/turtlesim/share/gennodejs/ros/turtlesim/srv/GetCameraImage.js, /home/maciek/my_catkin_ws/devel/share/gennodejs/ros/turtlesim/srv/GetCameraImage.js)
Linked: (/home/maciek/my_catkin_ws/devel/.private/turtlesim/share/gennodejs/ros/turtlesim/srv/GetFrameSize.js, /home/maciek/my_catkin_ws/devel/share/gennodejs/ros/turtlesim/srv/GetFrameSize.js)
Linked: (/home/maciek/my_catkin_ws/devel/.private/turtlesim/include/turtlesim/GetCameraImageResponse.h, /home/maciek/my_catkin_ws/devel/include/turtlesim/GetCameraImageResponse.h)
Linked: (/home/maciek/my_catkin_ws/devel/.private/turtlesim/include/turtlesim/GetFrameSizeResponse.h, /home/maciek/my_catkin_ws/devel/include/turtlesim/GetFrameSizeResponse.h)
Linked: (/home/maciek/my_catkin_ws/devel/.private/turtlesim/include/turtlesim/KillRequest.h, /home/maciek/my_catkin_ws/devel/include/turtlesim/KillRequest.h)
Linked: (/home/maciek/my_catkin_ws/devel/.private/turtlesim/include/turtlesim/Cell.h, /home/maciek/my_catkin_ws/devel/include/turtlesim/Cell.h)
Linked: (/home/maciek/my_catkin_ws/devel/.private/turtlesim/include/turtlesim/Pose.h, /home/maciek/my_catkin_ws/devel/include/turtlesim/Pose.h)
Linked: (/home/maciek/my_catkin_ws/devel/.private/turtlesim/include/turtlesim/HasTurtleRequest.h, /home/maciek/my_catkin_ws/devel/include/turtlesim/HasTurtleRequest.h)
Linked: (/home/maciek/my_catkin_ws/devel/.private/turtlesim/include/turtlesim/Spawn.h, /home/maciek/my_catkin_ws/devel/include/turtlesim/Spawn.h)
Linked: (/home/maciek/my_catkin_ws/devel/.private/turtlesim/include/turtlesim/GetSonarResponse.h, /home/maciek/my_catkin_ws/devel/include/turtlesim/GetSonarResponse.h)
Linked: (/home/maciek/my_catkin_ws/devel/.private/turtlesim/include/turtlesim/HasTurtleResponse.h, /home/maciek/my_catkin_ws/devel/include/turtlesim/HasTurtleResponse.h)
Linked: (/home/maciek/my_catkin_ws/devel/.private/turtlesim/include/turtlesim/SetPen.h, /home/maciek/my_catkin_ws/devel/include/turtlesim/SetPen.h)
Linked: (/home/maciek/my_catkin_ws/devel/.private/turtlesim/include/turtlesim/Kill.h, /home/maciek/my_catkin_ws/devel/include/turtlesim/Kill.h)
Linked: (/home/maciek/my_catkin_ws/devel/.private/turtlesim/include/turtlesim/GetCameraImageRequest.h, /home/maciek/my_catkin_ws/devel/include/turtlesim/GetCameraImageRequest.h)
Linked: (/home/maciek/my_catkin_ws/devel/.private/turtlesim/include/turtlesim/TeleportRelative.h, /home/maciek/my_catkin_ws/devel/include/turtlesim/TeleportRelative.h)
Linked: (/home/maciek/my_catkin_ws/devel/.private/turtlesim/include/turtlesim/GetPose.h, /home/maciek/my_catkin_ws/devel/include/turtlesim/GetPose.h)
Linked: (/home/maciek/my_catkin_ws/devel/.private/turtlesim/include/turtlesim/GetTurtles.h, /home/maciek/my_catkin_ws/devel/include/turtlesim/GetTurtles.h)
Linked: (/home/maciek/my_catkin_ws/devel/.private/turtlesim/include/turtlesim/GetFrameSize.h, /home/maciek/my_catkin_ws/devel/include/turtlesim/GetFrameSize.h)
Linked: (/home/maciek/my_catkin_ws/devel/.private/turtlesim/include/turtlesim/Mrow.h, /home/maciek/my_catkin_ws/devel/include/turtlesim/Mrow.h)
Linked: (/home/maciek/my_catkin_ws/devel/.private/turtlesim/include/turtlesim/GetCameraImage.h, /home/maciek/my_catkin_ws/devel/include/turtlesim/GetCameraImage.h)
Linked: (/home/maciek/my_catkin_ws/devel/.private/turtlesim/include/turtlesim/TeleportRelativeResponse.h, /home/maciek/my_catkin_ws/devel/include/turtlesim/TeleportRelativeResponse.h)
Linked: (/home/maciek/my_catkin_ws/devel/.private/turtlesim/include/turtlesim/GetTurtlesResponse.h, /home/maciek/my_catkin_ws/devel/include/turtlesim/GetTurtlesResponse.h)
Linked: (/home/maciek/my_catkin_ws/devel/.private/turtlesim/include/turtlesim/Color.h, /home/maciek/my_catkin_ws/devel/include/turtlesim/Color.h)
Linked: (/home/maciek/my_catkin_ws/devel/.private/turtlesim/include/turtlesim/GetPoseResponse.h, /home/maciek/my_catkin_ws/devel/include/turtlesim/GetPoseResponse.h)
Linked: (/home/maciek/my_catkin_ws/devel/.private/turtlesim/include/turtlesim/GetSonar.h, /home/maciek/my_catkin_ws/devel/include/turtlesim/GetSonar.h)
Linked: (/home/maciek/my_catkin_ws/devel/.private/turtlesim/include/turtlesim/SpawnRequest.h, /home/maciek/my_catkin_ws/devel/include/turtlesim/SpawnRequest.h)
Linked: (/home/maciek/my_catkin_ws/devel/.private/turtlesim/include/turtlesim/GetPoseRequest.h, /home/maciek/my_catkin_ws/devel/include/turtlesim/GetPoseRequest.h)
Linked: (/home/maciek/my_catkin_ws/devel/.private/turtlesim/include/turtlesim/TeleportAbsoluteRequest.h, /home/maciek/my_catkin_ws/devel/include/turtlesim/TeleportAbsoluteRequest.h)
Linked: (/home/maciek/my_catkin_ws/devel/.private/turtlesim/include/turtlesim/KillResponse.h, /home/maciek/my_catkin_ws/devel/include/turtlesim/KillResponse.h)
Linked: (/home/maciek/my_catkin_ws/devel/.private/turtlesim/include/turtlesim/GetSonarRequest.h, /home/maciek/my_catkin_ws/devel/include/turtlesim/GetSonarRequest.h)
Linked: (/home/maciek/my_catkin_ws/devel/.private/turtlesim/include/turtlesim/TeleportRelativeRequest.h, /home/maciek/my_catkin_ws/devel/include/turtlesim/TeleportRelativeRequest.h)
Linked: (/home/maciek/my_catkin_ws/devel/.private/turtlesim/include/turtlesim/HasTurtle.h, /home/maciek/my_catkin_ws/devel/include/turtlesim/HasTurtle.h)
Linked: (/home/maciek/my_catkin_ws/devel/.private/turtlesim/include/turtlesim/GetTurtlesRequest.h, /home/maciek/my_catkin_ws/devel/include/turtlesim/GetTurtlesRequest.h)
Linked: (/home/maciek/my_catkin_ws/devel/.private/turtlesim/include/turtlesim/TeleportAbsolute.h, /home/maciek/my_catkin_ws/devel/include/turtlesim/TeleportAbsolute.h)
Linked: (/home/maciek/my_catkin_ws/devel/.private/turtlesim/include/turtlesim/TeleportAbsoluteResponse.h, /home/maciek/my_catkin_ws/devel/include/turtlesim/TeleportAbsoluteResponse.h)
Linked: (/home/maciek/my_catkin_ws/devel/.private/turtlesim/include/turtlesim/SetPenResponse.h, /home/maciek/my_catkin_ws/devel/include/turtlesim/SetPenResponse.h)
Linked: (/home/maciek/my_catkin_ws/devel/.private/turtlesim/include/turtlesim/GetFrameSizeRequest.h, /home/maciek/my_catkin_ws/devel/include/turtlesim/GetFrameSizeRequest.h)
Linked: (/home/maciek/my_catkin_ws/devel/.private/turtlesim/include/turtlesim/SpawnResponse.h, /home/maciek/my_catkin_ws/devel/include/turtlesim/SpawnResponse.h)
Linked: (/home/maciek/my_catkin_ws/devel/.private/turtlesim/include/turtlesim/SetPenRequest.h, /home/maciek/my_catkin_ws/devel/include/turtlesim/SetPenRequest.h)
