[  0%] Built target nav_msgs_generate_messages_lisp
[  0%] Built target actionlib_msgs_generate_messages_lisp
[  0%] Built target geometry_msgs_generate_messages_lisp
[  0%] Built target _package_303770_generate_messages_check_deps_pose_actionAction
[  0%] Built target _package_303770_generate_messages_check_deps_pose_actionResult
[  0%] Built target std_msgs_generate_messages_lisp
[  0%] Built target _package_303770_generate_messages_check_deps_pose_actionActionResult
[  0%] Built target _package_303770_generate_messages_check_deps_pose_actionFeedback
[  0%] Built target _package_303770_generate_messages_check_deps_ranges
[  0%] Built target std_msgs_generate_messages_py
[  0%] Built target nav_msgs_generate_messages_py
[  0%] Built target geometry_msgs_generate_messages_py
[  0%] Built target actionlib_msgs_generate_messages_py
[  0%] Built target std_msgs_generate_messages_cpp
[  0%] Built target _package_303770_generate_messages_check_deps_pose_actionActionFeedback
[  0%] Built target _package_303770_generate_messages_check_deps_pose_actionGoal
[  0%] Built target nav_msgs_generate_messages_cpp
[  0%] Built target _package_303770_generate_messages_check_deps_pose_actionActionGoal
[  0%] Built target geometry_msgs_generate_messages_cpp
[  0%] Built target std_msgs_generate_messages_eus
[  0%] Built target actionlib_msgs_generate_messages_cpp
[  0%] Built target actionlib_msgs_generate_messages_eus
[  0%] Built target geometry_msgs_generate_messages_eus
[  0%] Built target std_msgs_generate_messages_nodejs
[  0%] Built target nav_msgs_generate_messages_eus
[  0%] Built target nav_msgs_generate_messages_nodejs
[  2%] [34m[1mGenerating Lisp code from package_303770/pose_actionActionGoal.msg[0m
[  4%] [34m[1mGenerating C++ code from package_303770/pose_actionGoal.msg[0m
[  7%] [34m[1mGenerating C++ code from package_303770/pose_actionActionGoal.msg[0m
[  9%] [34m[1mGenerating Python from MSG package_303770/pose_actionGoal[0m
[  9%] Built target actionlib_msgs_generate_messages_nodejs
[ 11%] [34m[1mGenerating Lisp code from package_303770/pose_actionGoal.msg[0m
[ 14%] [34m[1mGenerating EusLisp code from package_303770/pose_actionGoal.msg[0m
[ 14%] Built target geometry_msgs_generate_messages_nodejs
[ 16%] [34m[1mGenerating C++ code from package_303770/pose_actionFeedback.msg[0m
[ 19%] [34m[1mGenerating Lisp code from package_303770/pose_actionFeedback.msg[0m
[ 21%] [34m[1mGenerating Python from MSG package_303770/pose_actionActionGoal[0m
[ 23%] [34m[1mGenerating Python from MSG package_303770/pose_actionFeedback[0m
[ 26%] [34m[1mGenerating EusLisp code from package_303770/pose_actionActionGoal.msg[0m
[ 28%] [34m[1mGenerating Lisp code from package_303770/pose_actionActionFeedback.msg[0m
[ 30%] [34m[1mGenerating Lisp code from package_303770/pose_actionActionResult.msg[0m
[ 33%] [34m[1mGenerating Lisp code from package_303770/pose_actionResult.msg[0m
[ 35%] [34m[1mGenerating EusLisp code from package_303770/pose_actionFeedback.msg[0m
[ 38%] [34m[1mGenerating Python from MSG package_303770/pose_actionActionFeedback[0m
[ 40%] [34m[1mGenerating Javascript code from package_303770/pose_actionGoal.msg[0m
[ 42%] [34m[1mGenerating C++ code from package_303770/pose_actionActionFeedback.msg[0m
[ 45%] [34m[1mGenerating Python from MSG package_303770/pose_actionActionResult[0m
[ 47%] [34m[1mGenerating Javascript code from package_303770/pose_actionActionGoal.msg[0m
[ 50%] [34m[1mGenerating C++ code from package_303770/pose_actionActionResult.msg[0m
[ 52%] [34m[1mGenerating Lisp code from package_303770/pose_actionAction.msg[0m
[ 54%] [34m[1mGenerating EusLisp code from package_303770/pose_actionActionFeedback.msg[0m
[ 57%] [34m[1mGenerating Javascript code from package_303770/pose_actionFeedback.msg[0m
[ 59%] [34m[1mGenerating Javascript code from package_303770/pose_actionActionFeedback.msg[0m
[ 61%] Built target package_303770_generate_messages_lisp
[ 64%] [34m[1mGenerating Javascript code from package_303770/pose_actionActionResult.msg[0m
[ 66%] [34m[1mGenerating C++ code from package_303770/pose_actionResult.msg[0m
[ 69%] [34m[1mGenerating EusLisp code from package_303770/pose_actionActionResult.msg[0m
[ 71%] [34m[1mGenerating Python from MSG package_303770/pose_actionResult[0m
[ 73%] [34m[1mGenerating EusLisp code from package_303770/pose_actionResult.msg[0m
[ 76%] [34m[1mGenerating EusLisp code from package_303770/pose_actionAction.msg[0m
[ 78%] [34m[1mGenerating C++ code from package_303770/pose_actionAction.msg[0m
[ 80%] [34m[1mGenerating Javascript code from package_303770/pose_actionResult.msg[0m
[ 83%] [34m[1mGenerating Javascript code from package_303770/pose_actionAction.msg[0m
[ 85%] [34m[1mGenerating Python from MSG package_303770/pose_actionAction[0m
[ 90%] Built target package_303770_generate_messages_eus
[ 92%] Built target package_303770_generate_messages_nodejs
[ 95%] Built target package_303770_generate_messages_cpp
[ 97%] [34m[1mGenerating Python msg __init__.py for package_303770[0m
[100%] Built target package_303770_generate_messages_py
[100%] Built target package_303770_generate_messages
