[  0%] Built target nav_msgs_generate_messages_lisp
[  0%] Built target std_msgs_generate_messages_lisp
[  0%] Built target geometry_msgs_generate_messages_lisp
[  0%] Built target actionlib_msgs_generate_messages_lisp
[  0%] Built target _package_303770_generate_messages_check_deps_pose_actionActionResult
[  0%] Built target _package_303770_generate_messages_check_deps_pose_actionFeedback
[  0%] Built target _package_303770_generate_messages_check_deps_pose_actionResult
[  0%] Built target _package_303770_generate_messages_check_deps_pose_actionAction
[  0%] Built target std_msgs_generate_messages_py
[  0%] Built target nav_msgs_generate_messages_py
[  0%] Built target _package_303770_generate_messages_check_deps_pose_actionGoal
[  0%] Built target actionlib_msgs_generate_messages_py
[  0%] Built target std_msgs_generate_messages_cpp
[  0%] Built target _package_303770_generate_messages_check_deps_pose_actionActionFeedback
[  0%] Built target nav_msgs_generate_messages_cpp
[  0%] Built target geometry_msgs_generate_messages_py
[  0%] Built target _package_303770_generate_messages_check_deps_pose_actionActionGoal
[  0%] Built target std_msgs_generate_messages_eus
[  0%] Built target geometry_msgs_generate_messages_cpp
[  0%] Built target actionlib_msgs_generate_messages_cpp
[  0%] Built target nav_msgs_generate_messages_eus
[  0%] Built target geometry_msgs_generate_messages_eus
[  0%] Built target actionlib_msgs_generate_messages_eus
[  0%] Built target actionlib_msgs_generate_messages_nodejs
[  0%] Built target std_msgs_generate_messages_nodejs
[  0%] Built target geometry_msgs_generate_messages_nodejs
[  0%] Built target nav_msgs_generate_messages_nodejs
[ 18%] Built target package_303770_generate_messages_lisp
[ 37%] Built target package_303770_generate_messages_cpp
[ 81%] Built target package_303770_generate_messages_py
[ 81%] Built target package_303770_generate_messages_eus
[100%] Built target package_303770_generate_messages_nodejs
[100%] Built target package_303770_generate_messages
