Linked: (/home/maciek/my_catkin_ws/devel/.private/package_303770/lib/pkgconfig/package_303770.pc, /home/maciek/my_catkin_ws/devel/lib/pkgconfig/package_303770.pc)
Symlinking /home/maciek/my_catkin_ws/devel/lib/python2.7/dist-packages/package_303770/__init__.py
Symlinking /home/maciek/my_catkin_ws/devel/lib/python2.7/dist-packages/package_303770/msg/__init__.py
Symlinking /home/maciek/my_catkin_ws/devel/lib/python2.7/dist-packages/package_303770/msg/_pose_actionResult.py
Symlinking /home/maciek/my_catkin_ws/devel/lib/python2.7/dist-packages/package_303770/msg/_pose_actionActionFeedback.py
Symlinking /home/maciek/my_catkin_ws/devel/lib/python2.7/dist-packages/package_303770/msg/_pose_actionActionGoal.py
Symlinking /home/maciek/my_catkin_ws/devel/lib/python2.7/dist-packages/package_303770/msg/_pose_actionActionResult.py
Symlinking /home/maciek/my_catkin_ws/devel/lib/python2.7/dist-packages/package_303770/msg/_pose_actionAction.py
Symlinking /home/maciek/my_catkin_ws/devel/lib/python2.7/dist-packages/package_303770/msg/_pose_actionGoal.py
Symlinking /home/maciek/my_catkin_ws/devel/lib/python2.7/dist-packages/package_303770/msg/_pose_actionFeedback.py
Linked: (/home/maciek/my_catkin_ws/devel/.private/package_303770/share/package_303770/cmake/package_303770Config-version.cmake, /home/maciek/my_catkin_ws/devel/share/package_303770/cmake/package_303770Config-version.cmake)
Linked: (/home/maciek/my_catkin_ws/devel/.private/package_303770/share/package_303770/cmake/package_303770Config.cmake, /home/maciek/my_catkin_ws/devel/share/package_303770/cmake/package_303770Config.cmake)
Symlinking /home/maciek/my_catkin_ws/devel/share/package_303770/cmake/package_303770-msg-paths.cmake
Symlinking /home/maciek/my_catkin_ws/devel/share/package_303770/cmake/package_303770-msg-extras.cmake
Symlinking /home/maciek/my_catkin_ws/devel/share/package_303770/msg/pose_actionFeedback.msg
Symlinking /home/maciek/my_catkin_ws/devel/share/package_303770/msg/pose_actionResult.msg
Symlinking /home/maciek/my_catkin_ws/devel/share/package_303770/msg/pose_actionActionResult.msg
Symlinking /home/maciek/my_catkin_ws/devel/share/package_303770/msg/pose_actionAction.msg
Symlinking /home/maciek/my_catkin_ws/devel/share/package_303770/msg/pose_actionActionGoal.msg
Symlinking /home/maciek/my_catkin_ws/devel/share/package_303770/msg/pose_actionGoal.msg
Symlinking /home/maciek/my_catkin_ws/devel/share/package_303770/msg/pose_actionActionFeedback.msg
Symlinking /home/maciek/my_catkin_ws/devel/share/common-lisp/ros/package_303770/msg/_package_pose_actionGoal.lisp
Symlinking /home/maciek/my_catkin_ws/devel/share/common-lisp/ros/package_303770/msg/pose_actionActionResult.lisp
Symlinking /home/maciek/my_catkin_ws/devel/share/common-lisp/ros/package_303770/msg/pose_actionResult.lisp
Symlinking /home/maciek/my_catkin_ws/devel/share/common-lisp/ros/package_303770/msg/pose_actionGoal.lisp
Symlinking /home/maciek/my_catkin_ws/devel/share/common-lisp/ros/package_303770/msg/_package_pose_actionActionResult.lisp
Symlinking /home/maciek/my_catkin_ws/devel/share/common-lisp/ros/package_303770/msg/package_303770-msg.asd
Symlinking /home/maciek/my_catkin_ws/devel/share/common-lisp/ros/package_303770/msg/pose_actionAction.lisp
Symlinking /home/maciek/my_catkin_ws/devel/share/common-lisp/ros/package_303770/msg/_package_pose_actionActionGoal.lisp
Symlinking /home/maciek/my_catkin_ws/devel/share/common-lisp/ros/package_303770/msg/pose_actionActionGoal.lisp
Symlinking /home/maciek/my_catkin_ws/devel/share/common-lisp/ros/package_303770/msg/_package_pose_actionActionFeedback.lisp
Symlinking /home/maciek/my_catkin_ws/devel/share/common-lisp/ros/package_303770/msg/_package_pose_actionFeedback.lisp
Symlinking /home/maciek/my_catkin_ws/devel/share/common-lisp/ros/package_303770/msg/pose_actionActionFeedback.lisp
Symlinking /home/maciek/my_catkin_ws/devel/share/common-lisp/ros/package_303770/msg/_package.lisp
Symlinking /home/maciek/my_catkin_ws/devel/share/common-lisp/ros/package_303770/msg/pose_actionFeedback.lisp
Symlinking /home/maciek/my_catkin_ws/devel/share/common-lisp/ros/package_303770/msg/_package_pose_actionAction.lisp
Symlinking /home/maciek/my_catkin_ws/devel/share/common-lisp/ros/package_303770/msg/_package_pose_actionResult.lisp
Symlinking /home/maciek/my_catkin_ws/devel/share/roseus/ros/package_303770/manifest.l
Symlinking /home/maciek/my_catkin_ws/devel/share/roseus/ros/package_303770/msg/pose_actionResult.l
Symlinking /home/maciek/my_catkin_ws/devel/share/roseus/ros/package_303770/msg/pose_actionActionGoal.l
Symlinking /home/maciek/my_catkin_ws/devel/share/roseus/ros/package_303770/msg/pose_actionActionResult.l
Symlinking /home/maciek/my_catkin_ws/devel/share/roseus/ros/package_303770/msg/pose_actionActionFeedback.l
Symlinking /home/maciek/my_catkin_ws/devel/share/roseus/ros/package_303770/msg/pose_actionAction.l
Symlinking /home/maciek/my_catkin_ws/devel/share/roseus/ros/package_303770/msg/pose_actionFeedback.l
Symlinking /home/maciek/my_catkin_ws/devel/share/roseus/ros/package_303770/msg/pose_actionGoal.l
Symlinking /home/maciek/my_catkin_ws/devel/share/gennodejs/ros/package_303770/_index.js
Symlinking /home/maciek/my_catkin_ws/devel/share/gennodejs/ros/package_303770/msg/pose_actionFeedback.js
Symlinking /home/maciek/my_catkin_ws/devel/share/gennodejs/ros/package_303770/msg/pose_actionActionFeedback.js
Symlinking /home/maciek/my_catkin_ws/devel/share/gennodejs/ros/package_303770/msg/pose_actionResult.js
Symlinking /home/maciek/my_catkin_ws/devel/share/gennodejs/ros/package_303770/msg/pose_actionAction.js
Symlinking /home/maciek/my_catkin_ws/devel/share/gennodejs/ros/package_303770/msg/pose_actionActionGoal.js
Symlinking /home/maciek/my_catkin_ws/devel/share/gennodejs/ros/package_303770/msg/_index.js
Symlinking /home/maciek/my_catkin_ws/devel/share/gennodejs/ros/package_303770/msg/pose_actionGoal.js
Symlinking /home/maciek/my_catkin_ws/devel/share/gennodejs/ros/package_303770/msg/pose_actionActionResult.js
Symlinking /home/maciek/my_catkin_ws/devel/include/package_303770/pose_actionAction.h
Symlinking /home/maciek/my_catkin_ws/devel/include/package_303770/pose_actionGoal.h
Symlinking /home/maciek/my_catkin_ws/devel/include/package_303770/pose_actionResult.h
Symlinking /home/maciek/my_catkin_ws/devel/include/package_303770/pose_actionActionGoal.h
Symlinking /home/maciek/my_catkin_ws/devel/include/package_303770/pose_actionActionFeedback.h
Symlinking /home/maciek/my_catkin_ws/devel/include/package_303770/pose_actionFeedback.h
Symlinking /home/maciek/my_catkin_ws/devel/include/package_303770/pose_actionActionResult.h
